# JRE version: OpenJDK Runtime Environment (11.0.12+7) (build 11.0.12+7-b1504.28-7817840)
# Java VM: OpenJDK 64-Bit Server VM (11.0.12+7-b1504.28-7817840, mixed mode, tiered, compressed oops, g1 gc, windows-amd64)
Heap:
 garbage-first heap   total 124928K, used 49500K [0x0000000080000000, 0x0000000100000000)
  region size 1024K, 3 young (3072K), 3 survivors (3072K)
 Metaspace       used 44128K, capacity 45300K, committed 45568K, reserved 1089536K
  class space    used 5658K, capacity 6071K, committed 6144K, reserved 1048576K
GC Heap History (20 events):
Event: 8.727 GC heap after
{Heap after GC invocations=17 (full 0):
 garbage-first heap   total 103424K, used 42538K [0x0000000080000000, 0x0000000100000000)
  region size 1024K, 1 young (1024K), 1 survivors (1024K)
 Metaspace       used 43511K, capacity 44565K, committed 44672K, reserved 1087488K
  class space    used 5610K, capacity 5996K, committed 6016K, reserved 1048576K
}
Event: 8.920 GC heap before
{Heap before GC invocations=18 (full 0):
 garbage-first heap   total 103424K, used 57898K [0x0000000080000000, 0x0000000100000000)
  region size 1024K, 14 young (14336K), 1 survivors (1024K)
 Metaspace       used 43797K, capacity 44915K, committed 45056K, reserved 1087488K
  class space    used 5655K, capacity 6071K, committed 6144K, reserved 1048576K
}
Event: 8.927 GC heap after
{Heap after GC invocations=19 (full 0):
 garbage-first heap   total 103424K, used 42446K [0x0000000080000000, 0x0000000100000000)
  region size 1024K, 1 young (1024K), 1 survivors (1024K)
 Metaspace       used 43797K, capacity 44915K, committed 45056K, reserved 1087488K
  class space    used 5655K, capacity 6071K, committed 6144K, reserved 1048576K
}
Event: 9.646 GC heap before
{Heap before GC invocations=20 (full 0):
 garbage-first heap   total 103424K, used 75214K [0x0000000080000000, 0x0000000100000000)
  region size 1024K, 29 young (29696K), 1 survivors (1024K)
 Metaspace       used 44117K, capacity 45300K, committed 45568K, reserved 1089536K
  class space    used 5658K, capacity 6071K, committed 6144K, reserved 1048576K
}
Event: 9.651 GC heap after
{Heap after GC invocations=21 (full 0):
 garbage-first heap   total 103424K, used 47362K [0x0000000080000000, 0x0000000100000000)
  region size 1024K, 2 young (2048K), 2 survivors (2048K)
 Metaspace       used 44117K, capacity 45300K, committed 45568K, reserved 1089536K
  class space    used 5658K, capacity 6071K, committed 6144K, reserved 1048576K
}
Event: 9.928 GC heap before
{Heap before GC invocations=21 (full 0):
 garbage-first heap   total 103424K, used 76034K [0x0000000080000000, 0x0000000100000000)
  region size 1024K, 30 young (30720K), 2 survivors (2048K)
 Metaspace       used 44122K, capacity 45300K, committed 45568K, reserved 1089536K
  class space    used 5658K, capacity 6071K, committed 6144K, reserved 1048576K
}
Event: 9.932 GC heap after
{Heap after GC invocations=22 (full 0):
 garbage-first heap   total 103424K, used 47591K [0x0000000080000000, 0x0000000100000000)
  region size 1024K, 2 young (2048K), 2 survivors (2048K)
 Metaspace       used 44122K, capacity 45300K, committed 45568K, reserved 1089536K
  class space    used 5658K, capacity 6071K, committed 6144K, reserved 1048576K
}
Event: 10.204 GC heap before
{Heap before GC invocations=22 (full 0):
 garbage-first heap   total 103424K, used 77287K [0x0000000080000000, 0x0000000100000000)
  region size 1024K, 31 young (31744K), 2 survivors (2048K)
 Metaspace       used 44123K, capacity 45300K, committed 45568K, reserved 1089536K
  class space    used 5658K, capacity 6071K, committed 6144K, reserved 1048576K
}
Event: 10.207 GC heap after
{Heap after GC invocations=23 (full 0):
 garbage-first heap   total 103424K, used 47996K [0x0000000080000000, 0x0000000100000000)
  region size 1024K, 3 young (3072K), 3 survivors (3072K)
 Metaspace       used 44123K, capacity 45300K, committed 45568K, reserved 1089536K
  class space    used 5658K, capacity 6071K, committed 6144K, reserved 1048576K
}
Event: 10.438 GC heap before
{Heap before GC invocations=23 (full 0):
 garbage-first heap   total 103424K, used 77692K [0x0000000080000000, 0x0000000100000000)
  region size 1024K, 32 young (32768K), 3 survivors (3072K)
 Metaspace       used 44124K, capacity 45300K, committed 45568K, reserved 1089536K
  class space    used 5658K, capacity 6071K, committed 6144K, reserved 1048576K
}
Event: 10.442 GC heap after
{Heap after GC invocations=24 (full 0):
 garbage-first heap   total 103424K, used 48197K [0x0000000080000000, 0x0000000100000000)
  region size 1024K, 2 young (2048K), 2 survivors (2048K)
 Metaspace       used 44124K, capacity 45300K, committed 45568K, reserved 1089536K
  class space    used 5658K, capacity 6071K, committed 6144K, reserved 1048576K
}
Event: 10.675 GC heap before
{Heap before GC invocations=24 (full 0):
 garbage-first heap   total 103424K, used 78917K [0x0000000080000000, 0x0000000100000000)
  region size 1024K, 32 young (32768K), 2 survivors (2048K)
 Metaspace       used 44125K, capacity 45300K, committed 45568K, reserved 1089536K
  class space    used 5658K, capacity 6071K, committed 6144K, reserved 1048576K
}
Event: 10.678 GC heap after
{Heap after GC invocations=25 (full 0):
 garbage-first heap   total 103424K, used 48346K [0x0000000080000000, 0x0000000100000000)
  region size 1024K, 2 young (2048K), 2 survivors (2048K)
 Metaspace       used 44125K, capacity 45300K, committed 45568K, reserved 1089536K
  class space    used 5658K, capacity 6071K, committed 6144K, reserved 1048576K
}
Event: 10.942 GC heap before
{Heap before GC invocations=26 (full 0):
 garbage-first heap   total 103424K, used 79066K [0x0000000080000000, 0x0000000100000000)
  region size 1024K, 32 young (32768K), 2 survivors (2048K)
 Metaspace       used 44126K, capacity 45300K, committed 45568K, reserved 1089536K
  class space    used 5658K, capacity 6071K, committed 6144K, reserved 1048576K
}
Event: 10.946 GC heap after
{Heap after GC invocations=27 (full 0):
 garbage-first heap   total 103424K, used 48602K [0x0000000080000000, 0x0000000100000000)
  region size 1024K, 3 young (3072K), 3 survivors (3072K)
 Metaspace       used 44126K, capacity 45300K, committed 45568K, reserved 1089536K
  class space    used 5658K, capacity 6071K, committed 6144K, reserved 1048576K
}
Event: 11.170 GC heap before
{Heap before GC invocations=27 (full 0):
 garbage-first heap   total 103424K, used 80346K [0x0000000080000000, 0x0000000100000000)
  region size 1024K, 34 young (34816K), 3 survivors (3072K)
 Metaspace       used 44126K, capacity 45300K, committed 45568K, reserved 1089536K
  class space    used 5658K, capacity 6071K, committed 6144K, reserved 1048576K
}
Event: 11.174 GC heap after
{Heap after GC invocations=28 (full 0):
 garbage-first heap   total 103424K, used 48916K [0x0000000080000000, 0x0000000100000000)
  region size 1024K, 3 young (3072K), 3 survivors (3072K)
 Metaspace       used 44126K, capacity 45300K, committed 45568K, reserved 1089536K
  class space    used 5658K, capacity 6071K, committed 6144K, reserved 1048576K
}
Event: 11.481 GC heap before
{Heap before GC invocations=29 (full 0):
 garbage-first heap   total 103424K, used 83732K [0x0000000080000000, 0x0000000100000000)
  region size 1024K, 37 young (37888K), 3 survivors (3072K)
 Metaspace       used 44127K, capacity 45300K, committed 45568K, reserved 1089536K
  class space    used 5658K, capacity 6071K, committed 6144K, reserved 1048576K
}
Event: 11.485 GC heap after
{Heap after GC invocations=30 (full 0):
 garbage-first heap   total 103424K, used 49175K [0x0000000080000000, 0x0000000100000000)
  region size 1024K, 3 young (3072K), 3 survivors (3072K)
 Metaspace       used 44127K, capacity 45300K, committed 45568K, reserved 1089536K
  class space    used 5658K, capacity 6071K, committed 6144K, reserved 1048576K
}
Event: 11.737 GC heap before
{Heap before GC invocations=30 (full 0):
 garbage-first heap   total 103424K, used 80919K [0x0000000080000000, 0x0000000100000000)
  region size 1024K, 35 young (35840K), 3 survivors (3072K)
 Metaspace       used 44128K, capacity 45300K, committed 45568K, reserved 1089536K
  class space    used 5658K, capacity 6071K, committed 6144K, reserved 1048576K
}

