# JRE version: OpenJDK Runtime Environment (11.0.12+7) (build 11.0.12+7-b1504.28-7817840)
# Java VM: OpenJDK 64-Bit Server VM (11.0.12+7-b1504.28-7817840, mixed mode, tiered, compressed oops, g1 gc, windows-amd64)
Heap:
 garbage-first heap   total 150528K, used 57051K [0x0000000080000000, 0x0000000100000000)
  region size 1024K, 2 young (2048K), 2 survivors (2048K)
 Metaspace       used 44187K, capacity 45326K, committed 45568K, reserved 1089536K
  class space    used 5671K, capacity 6102K, committed 6144K, reserved 1048576K
GC Heap History (20 events):
Event: 11.137 GC heap after
{Heap after GC invocations=26 (full 0):
 garbage-first heap   total 103424K, used 49093K [0x0000000080000000, 0x0000000100000000)
  region size 1024K, 3 young (3072K), 3 survivors (3072K)
 Metaspace       used 44124K, capacity 45294K, committed 45568K, reserved 1089536K
  class space    used 5662K, capacity 6070K, committed 6144K, reserved 1048576K
}
Event: 11.355 GC heap before
{Heap before GC invocations=26 (full 0):
 garbage-first heap   total 103424K, used 80837K [0x0000000080000000, 0x0000000100000000)
  region size 1024K, 34 young (34816K), 3 survivors (3072K)
 Metaspace       used 44124K, capacity 45294K, committed 45568K, reserved 1089536K
  class space    used 5662K, capacity 6070K, committed 6144K, reserved 1048576K
}
Event: 11.359 GC heap after
{Heap after GC invocations=27 (full 0):
 garbage-first heap   total 103424K, used 49276K [0x0000000080000000, 0x0000000100000000)
  region size 1024K, 3 young (3072K), 3 survivors (3072K)
 Metaspace       used 44124K, capacity 45294K, committed 45568K, reserved 1089536K
  class space    used 5662K, capacity 6070K, committed 6144K, reserved 1048576K
}
Event: 11.561 GC heap before
{Heap before GC invocations=27 (full 0):
 garbage-first heap   total 103424K, used 81020K [0x0000000080000000, 0x0000000100000000)
  region size 1024K, 34 young (34816K), 3 survivors (3072K)
 Metaspace       used 44124K, capacity 45294K, committed 45568K, reserved 1089536K
  class space    used 5662K, capacity 6070K, committed 6144K, reserved 1048576K
}
Event: 11.565 GC heap after
{Heap after GC invocations=28 (full 0):
 garbage-first heap   total 103424K, used 49518K [0x0000000080000000, 0x0000000100000000)
  region size 1024K, 3 young (3072K), 3 survivors (3072K)
 Metaspace       used 44124K, capacity 45294K, committed 45568K, reserved 1089536K
  class space    used 5662K, capacity 6070K, committed 6144K, reserved 1048576K
}
Event: 11.849 GC heap before
{Heap before GC invocations=29 (full 0):
 garbage-first heap   total 103424K, used 82286K [0x0000000080000000, 0x0000000100000000)
  region size 1024K, 35 young (35840K), 3 survivors (3072K)
 Metaspace       used 44125K, capacity 45294K, committed 45568K, reserved 1089536K
  class space    used 5662K, capacity 6070K, committed 6144K, reserved 1048576K
}
Event: 11.854 GC heap after
{Heap after GC invocations=30 (full 0):
 garbage-first heap   total 124928K, used 49771K [0x0000000080000000, 0x0000000100000000)
  region size 1024K, 3 young (3072K), 3 survivors (3072K)
 Metaspace       used 44125K, capacity 45294K, committed 45568K, reserved 1089536K
  class space    used 5662K, capacity 6070K, committed 6144K, reserved 1048576K
}
Event: 12.389 GC heap before
{Heap before GC invocations=30 (full 0):
 garbage-first heap   total 124928K, used 92779K [0x0000000080000000, 0x0000000100000000)
  region size 1024K, 41 young (41984K), 3 survivors (3072K)
 Metaspace       used 44127K, capacity 45294K, committed 45568K, reserved 1089536K
  class space    used 5662K, capacity 6070K, committed 6144K, reserved 1048576K
}
Event: 12.400 GC heap after
{Heap after GC invocations=31 (full 0):
 garbage-first heap   total 124928K, used 54913K [0x0000000080000000, 0x0000000100000000)
  region size 1024K, 6 young (6144K), 6 survivors (6144K)
 Metaspace       used 44127K, capacity 45294K, committed 45568K, reserved 1089536K
  class space    used 5662K, capacity 6070K, committed 6144K, reserved 1048576K
}
Event: 12.770 GC heap before
{Heap before GC invocations=31 (full 0):
 garbage-first heap   total 124928K, used 94849K [0x0000000080000000, 0x0000000100000000)
  region size 1024K, 45 young (46080K), 6 survivors (6144K)
 Metaspace       used 44136K, capacity 45294K, committed 45568K, reserved 1089536K
  class space    used 5662K, capacity 6070K, committed 6144K, reserved 1048576K
}
Event: 12.779 GC heap after
{Heap after GC invocations=32 (full 0):
 garbage-first heap   total 124928K, used 56027K [0x0000000080000000, 0x0000000100000000)
  region size 1024K, 1 young (1024K), 1 survivors (1024K)
 Metaspace       used 44136K, capacity 45294K, committed 45568K, reserved 1089536K
  class space    used 5662K, capacity 6070K, committed 6144K, reserved 1048576K
}
Event: 13.047 GC heap before
{Heap before GC invocations=32 (full 0):
 garbage-first heap   total 124928K, used 96987K [0x0000000080000000, 0x0000000100000000)
  region size 1024K, 41 young (41984K), 1 survivors (1024K)
 Metaspace       used 44139K, capacity 45294K, committed 45568K, reserved 1089536K
  class space    used 5662K, capacity 6070K, committed 6144K, reserved 1048576K
}
Event: 13.049 GC heap after
{Heap after GC invocations=33 (full 0):
 garbage-first heap   total 124928K, used 55574K [0x0000000080000000, 0x0000000100000000)
  region size 1024K, 1 young (1024K), 1 survivors (1024K)
 Metaspace       used 44139K, capacity 45294K, committed 45568K, reserved 1089536K
  class space    used 5662K, capacity 6070K, committed 6144K, reserved 1048576K
}
Event: 13.469 GC heap before
{Heap before GC invocations=33 (full 0):
 garbage-first heap   total 124928K, used 97558K [0x0000000080000000, 0x0000000100000000)
  region size 1024K, 42 young (43008K), 1 survivors (1024K)
 Metaspace       used 44139K, capacity 45294K, committed 45568K, reserved 1089536K
  class space    used 5662K, capacity 6070K, committed 6144K, reserved 1048576K
}
Event: 13.472 GC heap after
{Heap after GC invocations=34 (full 0):
 garbage-first heap   total 124928K, used 55947K [0x0000000080000000, 0x0000000100000000)
  region size 1024K, 1 young (1024K), 1 survivors (1024K)
 Metaspace       used 44139K, capacity 45294K, committed 45568K, reserved 1089536K
  class space    used 5662K, capacity 6070K, committed 6144K, reserved 1048576K
}
Event: 13.757 GC heap before
{Heap before GC invocations=34 (full 0):
 garbage-first heap   total 124928K, used 97931K [0x0000000080000000, 0x0000000100000000)
  region size 1024K, 42 young (43008K), 1 survivors (1024K)
 Metaspace       used 44139K, capacity 45294K, committed 45568K, reserved 1089536K
  class space    used 5662K, capacity 6070K, committed 6144K, reserved 1048576K
}
Event: 13.760 GC heap after
{Heap after GC invocations=35 (full 0):
 garbage-first heap   total 124928K, used 56154K [0x0000000080000000, 0x0000000100000000)
  region size 1024K, 2 young (2048K), 2 survivors (2048K)
 Metaspace       used 44139K, capacity 45294K, committed 45568K, reserved 1089536K
  class space    used 5662K, capacity 6070K, committed 6144K, reserved 1048576K
}
Event: 14.021 GC heap before
{Heap before GC invocations=35 (full 0):
 garbage-first heap   total 124928K, used 99162K [0x0000000080000000, 0x0000000100000000)
  region size 1024K, 44 young (45056K), 2 survivors (2048K)
 Metaspace       used 44187K, capacity 45326K, committed 45568K, reserved 1089536K
  class space    used 5671K, capacity 6102K, committed 6144K, reserved 1048576K
}
Event: 14.025 GC heap after
{Heap after GC invocations=36 (full 0):
 garbage-first heap   total 124928K, used 56672K [0x0000000080000000, 0x0000000100000000)
  region size 1024K, 2 young (2048K), 2 survivors (2048K)
 Metaspace       used 44187K, capacity 45326K, committed 45568K, reserved 1089536K
  class space    used 5671K, capacity 6102K, committed 6144K, reserved 1048576K
}
Event: 14.321 GC heap before
{Heap before GC invocations=36 (full 0):
 garbage-first heap   total 124928K, used 103776K [0x0000000080000000, 0x0000000100000000)
  region size 1024K, 48 young (49152K), 2 survivors (2048K)
 Metaspace       used 44187K, capacity 45326K, committed 45568K, reserved 1089536K
  class space    used 5671K, capacity 6102K, committed 6144K, reserved 1048576K
}

