# JRE version: OpenJDK Runtime Environment (11.0.12+7) (build 11.0.12+7-b1504.28-7817840)
# Java VM: OpenJDK 64-Bit Server VM (11.0.12+7-b1504.28-7817840, mixed mode, tiered, compressed oops, g1 gc, windows-amd64)
Heap:
 garbage-first heap   total 124928K, used 87756K [0x0000000080000000, 0x0000000100000000)
  region size 1024K, 35 young (35840K), 1 survivors (1024K)
 Metaspace       used 44181K, capacity 45353K, committed 45568K, reserved 1089536K
  class space    used 5658K, capacity 6070K, committed 6144K, reserved 1048576K
GC Heap History (20 events):
Event: 11.253 GC heap before
{Heap before GC invocations=21 (full 0):
 garbage-first heap   total 103424K, used 72243K [0x0000000080000000, 0x0000000100000000)
  region size 1024K, 29 young (29696K), 2 survivors (2048K)
 Metaspace       used 44114K, capacity 45225K, committed 45312K, reserved 1089536K
  class space    used 5649K, capacity 6070K, committed 6144K, reserved 1048576K
}
Event: 11.257 GC heap after
{Heap after GC invocations=22 (full 0):
 garbage-first heap   total 103424K, used 45905K [0x0000000080000000, 0x0000000100000000)
  region size 1024K, 2 young (2048K), 2 survivors (2048K)
 Metaspace       used 44114K, capacity 45225K, committed 45312K, reserved 1089536K
  class space    used 5649K, capacity 6070K, committed 6144K, reserved 1048576K
}
Event: 11.484 GC heap before
{Heap before GC invocations=22 (full 0):
 garbage-first heap   total 103424K, used 74577K [0x0000000080000000, 0x0000000100000000)
  region size 1024K, 30 young (30720K), 2 survivors (2048K)
 Metaspace       used 44115K, capacity 45225K, committed 45312K, reserved 1089536K
  class space    used 5649K, capacity 6070K, committed 6144K, reserved 1048576K
}
Event: 11.487 GC heap after
{Heap after GC invocations=23 (full 0):
 garbage-first heap   total 103424K, used 46112K [0x0000000080000000, 0x0000000100000000)
  region size 1024K, 3 young (3072K), 3 survivors (3072K)
 Metaspace       used 44115K, capacity 45225K, committed 45312K, reserved 1089536K
  class space    used 5649K, capacity 6070K, committed 6144K, reserved 1048576K
}
Event: 11.775 GC heap before
{Heap before GC invocations=23 (full 0):
 garbage-first heap   total 103424K, used 74784K [0x0000000080000000, 0x0000000100000000)
  region size 1024K, 32 young (32768K), 3 survivors (3072K)
 Metaspace       used 44117K, capacity 45225K, committed 45312K, reserved 1089536K
  class space    used 5649K, capacity 6070K, committed 6144K, reserved 1048576K
}
Event: 11.782 GC heap after
{Heap after GC invocations=24 (full 0):
 garbage-first heap   total 103424K, used 46783K [0x0000000080000000, 0x0000000100000000)
  region size 1024K, 3 young (3072K), 3 survivors (3072K)
 Metaspace       used 44117K, capacity 45225K, committed 45312K, reserved 1089536K
  class space    used 5649K, capacity 6070K, committed 6144K, reserved 1048576K
}
Event: 12.008 GC heap before
{Heap before GC invocations=24 (full 0):
 garbage-first heap   total 103424K, used 77503K [0x0000000080000000, 0x0000000100000000)
  region size 1024K, 33 young (33792K), 3 survivors (3072K)
 Metaspace       used 44118K, capacity 45225K, committed 45312K, reserved 1089536K
  class space    used 5649K, capacity 6070K, committed 6144K, reserved 1048576K
}
Event: 12.013 GC heap after
{Heap after GC invocations=25 (full 0):
 garbage-first heap   total 103424K, used 46657K [0x0000000080000000, 0x0000000100000000)
  region size 1024K, 2 young (2048K), 2 survivors (2048K)
 Metaspace       used 44118K, capacity 45225K, committed 45312K, reserved 1089536K
  class space    used 5649K, capacity 6070K, committed 6144K, reserved 1048576K
}
Event: 12.197 GC heap before
{Heap before GC invocations=25 (full 0):
 garbage-first heap   total 103424K, used 78401K [0x0000000080000000, 0x0000000100000000)
  region size 1024K, 33 young (33792K), 2 survivors (2048K)
 Metaspace       used 44119K, capacity 45225K, committed 45312K, reserved 1089536K
  class space    used 5649K, capacity 6070K, committed 6144K, reserved 1048576K
}
Event: 12.200 GC heap after
{Heap after GC invocations=26 (full 0):
 garbage-first heap   total 103424K, used 47042K [0x0000000080000000, 0x0000000100000000)
  region size 1024K, 3 young (3072K), 3 survivors (3072K)
 Metaspace       used 44119K, capacity 45225K, committed 45312K, reserved 1089536K
  class space    used 5649K, capacity 6070K, committed 6144K, reserved 1048576K
}
Event: 12.398 GC heap before
{Heap before GC invocations=26 (full 0):
 garbage-first heap   total 103424K, used 78786K [0x0000000080000000, 0x0000000100000000)
  region size 1024K, 34 young (34816K), 3 survivors (3072K)
 Metaspace       used 44119K, capacity 45225K, committed 45312K, reserved 1089536K
  class space    used 5649K, capacity 6070K, committed 6144K, reserved 1048576K
}
Event: 12.401 GC heap after
{Heap after GC invocations=27 (full 0):
 garbage-first heap   total 103424K, used 47090K [0x0000000080000000, 0x0000000100000000)
  region size 1024K, 3 young (3072K), 3 survivors (3072K)
 Metaspace       used 44119K, capacity 45225K, committed 45312K, reserved 1089536K
  class space    used 5649K, capacity 6070K, committed 6144K, reserved 1048576K
}
Event: 12.588 GC heap before
{Heap before GC invocations=27 (full 0):
 garbage-first heap   total 103424K, used 79858K [0x0000000080000000, 0x0000000100000000)
  region size 1024K, 35 young (35840K), 3 survivors (3072K)
 Metaspace       used 44119K, capacity 45225K, committed 45312K, reserved 1089536K
  class space    used 5649K, capacity 6070K, committed 6144K, reserved 1048576K
}
Event: 12.591 GC heap after
{Heap after GC invocations=28 (full 0):
 garbage-first heap   total 103424K, used 47485K [0x0000000080000000, 0x0000000100000000)
  region size 1024K, 3 young (3072K), 3 survivors (3072K)
 Metaspace       used 44119K, capacity 45225K, committed 45312K, reserved 1089536K
  class space    used 5649K, capacity 6070K, committed 6144K, reserved 1048576K
}
Event: 12.747 GC heap before
{Heap before GC invocations=28 (full 0):
 garbage-first heap   total 103424K, used 74109K [0x0000000080000000, 0x0000000100000000)
  region size 1024K, 30 young (30720K), 3 survivors (3072K)
 Metaspace       used 44123K, capacity 45225K, committed 45312K, reserved 1089536K
  class space    used 5649K, capacity 6070K, committed 6144K, reserved 1048576K
}
Event: 12.750 GC heap after
{Heap after GC invocations=29 (full 0):
 garbage-first heap   total 103424K, used 47569K [0x0000000080000000, 0x0000000100000000)
  region size 1024K, 3 young (3072K), 3 survivors (3072K)
 Metaspace       used 44123K, capacity 45225K, committed 45312K, reserved 1089536K
  class space    used 5649K, capacity 6070K, committed 6144K, reserved 1048576K
}
Event: 13.331 GC heap before
{Heap before GC invocations=30 (full 0):
 garbage-first heap   total 103424K, used 85457K [0x0000000080000000, 0x0000000100000000)
  region size 1024K, 36 young (36864K), 3 survivors (3072K)
 Metaspace       used 44124K, capacity 45289K, committed 45568K, reserved 1089536K
  class space    used 5649K, capacity 6070K, committed 6144K, reserved 1048576K
}
Event: 13.346 GC heap after
{Heap after GC invocations=31 (full 0):
 garbage-first heap   total 103424K, used 52982K [0x0000000080000000, 0x0000000100000000)
  region size 1024K, 5 young (5120K), 5 survivors (5120K)
 Metaspace       used 44124K, capacity 45289K, committed 45568K, reserved 1089536K
  class space    used 5649K, capacity 6070K, committed 6144K, reserved 1048576K
}
Event: 13.523 GC heap before
{Heap before GC invocations=31 (full 0):
 garbage-first heap   total 103424K, used 82678K [0x0000000080000000, 0x0000000100000000)
  region size 1024K, 34 young (34816K), 5 survivors (5120K)
 Metaspace       used 44130K, capacity 45289K, committed 45568K, reserved 1089536K
  class space    used 5649K, capacity 6070K, committed 6144K, reserved 1048576K
}
Event: 13.533 GC heap after
{Heap after GC invocations=32 (full 0):
 garbage-first heap   total 124928K, used 53964K [0x0000000080000000, 0x0000000100000000)
  region size 1024K, 1 young (1024K), 1 survivors (1024K)
 Metaspace       used 44130K, capacity 45289K, committed 45568K, reserved 1089536K
  class space    used 5649K, capacity 6070K, committed 6144K, reserved 1048576K
}

