# JRE version: OpenJDK Runtime Environment (11.0.12+7) (build 11.0.12+7-b1504.28-7817840)
# Java VM: OpenJDK 64-Bit Server VM (11.0.12+7-b1504.28-7817840, mixed mode, tiered, compressed oops, g1 gc, windows-amd64)
Heap:
 garbage-first heap   total 103424K, used 47472K [0x0000000080000000, 0x0000000100000000)
  region size 1024K, 2 young (2048K), 2 survivors (2048K)
 Metaspace       used 44181K, capacity 45359K, committed 45568K, reserved 1089536K
  class space    used 5662K, capacity 6071K, committed 6144K, reserved 1048576K
GC Heap History (20 events):
Event: 14.185 GC heap after
{Heap after GC invocations=21 (full 0):
 garbage-first heap   total 71680K, used 41343K [0x0000000080000000, 0x0000000100000000)
  region size 1024K, 2 young (2048K), 2 survivors (2048K)
 Metaspace       used 43424K, capacity 44494K, committed 44672K, reserved 1087488K
  class space    used 5589K, capacity 5995K, committed 6016K, reserved 1048576K
}
Event: 14.374 GC heap before
{Heap before GC invocations=22 (full 0):
 garbage-first heap   total 71680K, used 58751K [0x0000000080000000, 0x0000000100000000)
  region size 1024K, 16 young (16384K), 2 survivors (2048K)
 Metaspace       used 43798K, capacity 44910K, committed 45056K, reserved 1087488K
  class space    used 5650K, capacity 6071K, committed 6144K, reserved 1048576K
}
Event: 14.379 GC heap after
{Heap after GC invocations=23 (full 0):
 garbage-first heap   total 71680K, used 41463K [0x0000000080000000, 0x0000000100000000)
  region size 1024K, 2 young (2048K), 2 survivors (2048K)
 Metaspace       used 43798K, capacity 44910K, committed 45056K, reserved 1087488K
  class space    used 5650K, capacity 6071K, committed 6144K, reserved 1048576K
}
Event: 14.750 GC heap before
{Heap before GC invocations=24 (full 0):
 garbage-first heap   total 71680K, used 61943K [0x0000000080000000, 0x0000000100000000)
  region size 1024K, 18 young (18432K), 2 survivors (2048K)
 Metaspace       used 44013K, capacity 45166K, committed 45312K, reserved 1089536K
  class space    used 5653K, capacity 6071K, committed 6144K, reserved 1048576K
}
Event: 14.756 GC heap after
{Heap after GC invocations=25 (full 0):
 garbage-first heap   total 71680K, used 46161K [0x0000000080000000, 0x0000000100000000)
  region size 1024K, 3 young (3072K), 3 survivors (3072K)
 Metaspace       used 44013K, capacity 45166K, committed 45312K, reserved 1089536K
  class space    used 5653K, capacity 6071K, committed 6144K, reserved 1048576K
}
Event: 14.954 GC heap before
{Heap before GC invocations=25 (full 0):
 garbage-first heap   total 71680K, used 58449K [0x0000000080000000, 0x0000000100000000)
  region size 1024K, 16 young (16384K), 3 survivors (3072K)
 Metaspace       used 44071K, capacity 45167K, committed 45312K, reserved 1089536K
  class space    used 5653K, capacity 6071K, committed 6144K, reserved 1048576K
}
Event: 14.960 GC heap after
{Heap after GC invocations=26 (full 0):
 garbage-first heap   total 71680K, used 46366K [0x0000000080000000, 0x0000000100000000)
  region size 1024K, 1 young (1024K), 1 survivors (1024K)
 Metaspace       used 44071K, capacity 45167K, committed 45312K, reserved 1089536K
  class space    used 5653K, capacity 6071K, committed 6144K, reserved 1048576K
}
Event: 15.210 GC heap before
{Heap before GC invocations=27 (full 0):
 garbage-first heap   total 71680K, used 60702K [0x0000000080000000, 0x0000000100000000)
  region size 1024K, 15 young (15360K), 1 survivors (1024K)
 Metaspace       used 44175K, capacity 45359K, committed 45568K, reserved 1089536K
  class space    used 5662K, capacity 6071K, committed 6144K, reserved 1048576K
}
Event: 15.213 GC heap after
{Heap after GC invocations=28 (full 0):
 garbage-first heap   total 86016K, used 46486K [0x0000000080000000, 0x0000000100000000)
  region size 1024K, 2 young (2048K), 2 survivors (2048K)
 Metaspace       used 44175K, capacity 45359K, committed 45568K, reserved 1089536K
  class space    used 5662K, capacity 6071K, committed 6144K, reserved 1048576K
}
Event: 15.412 GC heap before
{Heap before GC invocations=28 (full 0):
 garbage-first heap   total 86016K, used 64918K [0x0000000080000000, 0x0000000100000000)
  region size 1024K, 21 young (21504K), 2 survivors (2048K)
 Metaspace       used 44176K, capacity 45359K, committed 45568K, reserved 1089536K
  class space    used 5662K, capacity 6071K, committed 6144K, reserved 1048576K
}
Event: 15.414 GC heap after
{Heap after GC invocations=29 (full 0):
 garbage-first heap   total 86016K, used 46615K [0x0000000080000000, 0x0000000100000000)
  region size 1024K, 2 young (2048K), 2 survivors (2048K)
 Metaspace       used 44176K, capacity 45359K, committed 45568K, reserved 1089536K
  class space    used 5662K, capacity 6071K, committed 6144K, reserved 1048576K
}
Event: 15.655 GC heap before
{Heap before GC invocations=30 (full 0):
 garbage-first heap   total 86016K, used 67095K [0x0000000080000000, 0x0000000100000000)
  region size 1024K, 22 young (22528K), 2 survivors (2048K)
 Metaspace       used 44176K, capacity 45359K, committed 45568K, reserved 1089536K
  class space    used 5662K, capacity 6071K, committed 6144K, reserved 1048576K
}
Event: 15.659 GC heap after
{Heap after GC invocations=31 (full 0):
 garbage-first heap   total 86016K, used 46742K [0x0000000080000000, 0x0000000100000000)
  region size 1024K, 2 young (2048K), 2 survivors (2048K)
 Metaspace       used 44176K, capacity 45359K, committed 45568K, reserved 1089536K
  class space    used 5662K, capacity 6071K, committed 6144K, reserved 1048576K
}
Event: 15.872 GC heap before
{Heap before GC invocations=31 (full 0):
 garbage-first heap   total 86016K, used 68246K [0x0000000080000000, 0x0000000100000000)
  region size 1024K, 23 young (23552K), 2 survivors (2048K)
 Metaspace       used 44178K, capacity 45359K, committed 45568K, reserved 1089536K
  class space    used 5662K, capacity 6071K, committed 6144K, reserved 1048576K
}
Event: 15.875 GC heap after
{Heap after GC invocations=32 (full 0):
 garbage-first heap   total 86016K, used 46942K [0x0000000080000000, 0x0000000100000000)
  region size 1024K, 2 young (2048K), 2 survivors (2048K)
 Metaspace       used 44178K, capacity 45359K, committed 45568K, reserved 1089536K
  class space    used 5662K, capacity 6071K, committed 6144K, reserved 1048576K
}
Event: 16.114 GC heap before
{Heap before GC invocations=33 (full 0):
 garbage-first heap   total 86016K, used 68446K [0x0000000080000000, 0x0000000100000000)
  region size 1024K, 23 young (23552K), 2 survivors (2048K)
 Metaspace       used 44179K, capacity 45359K, committed 45568K, reserved 1089536K
  class space    used 5662K, capacity 6071K, committed 6144K, reserved 1048576K
}
Event: 16.118 GC heap after
{Heap after GC invocations=34 (full 0):
 garbage-first heap   total 86016K, used 47123K [0x0000000080000000, 0x0000000100000000)
  region size 1024K, 2 young (2048K), 2 survivors (2048K)
 Metaspace       used 44179K, capacity 45359K, committed 45568K, reserved 1089536K
  class space    used 5662K, capacity 6071K, committed 6144K, reserved 1048576K
}
Event: 16.394 GC heap before
{Heap before GC invocations=34 (full 0):
 garbage-first heap   total 86016K, used 69651K [0x0000000080000000, 0x0000000100000000)
  region size 1024K, 24 young (24576K), 2 survivors (2048K)
 Metaspace       used 44180K, capacity 45359K, committed 45568K, reserved 1089536K
  class space    used 5662K, capacity 6071K, committed 6144K, reserved 1048576K
}
Event: 16.397 GC heap after
{Heap after GC invocations=35 (full 0):
 garbage-first heap   total 86016K, used 47344K [0x0000000080000000, 0x0000000100000000)
  region size 1024K, 2 young (2048K), 2 survivors (2048K)
 Metaspace       used 44180K, capacity 45359K, committed 45568K, reserved 1089536K
  class space    used 5662K, capacity 6071K, committed 6144K, reserved 1048576K
}
Event: 16.637 GC heap before
{Heap before GC invocations=36 (full 0):
 garbage-first heap   total 86016K, used 69872K [0x0000000080000000, 0x0000000100000000)
  region size 1024K, 24 young (24576K), 2 survivors (2048K)
 Metaspace       used 44181K, capacity 45359K, committed 45568K, reserved 1089536K
  class space    used 5662K, capacity 6071K, committed 6144K, reserved 1048576K
}

