# JRE version: OpenJDK Runtime Environment (11.0.12+7) (build 11.0.12+7-b1504.28-7817840)
# Java VM: OpenJDK 64-Bit Server VM (11.0.12+7-b1504.28-7817840, mixed mode, tiered, compressed oops, g1 gc, windows-amd64)
Heap:
 garbage-first heap   total 150528K, used 60273K [0x0000000080000000, 0x0000000100000000)
  region size 1024K, 1 young (1024K), 1 survivors (1024K)
 Metaspace       used 49327K, capacity 50562K, committed 50688K, reserved 1093632K
  class space    used 6365K, capacity 6800K, committed 6912K, reserved 1048576K
GC Heap History (20 events):
Event: 14.826 GC heap after
{Heap after GC invocations=32 (full 0):
 garbage-first heap   total 124928K, used 54862K [0x0000000080000000, 0x0000000100000000)
  region size 1024K, 2 young (2048K), 2 survivors (2048K)
 Metaspace       used 49288K, capacity 50561K, committed 50688K, reserved 1093632K
  class space    used 6365K, capacity 6800K, committed 6912K, reserved 1048576K
}
Event: 15.118 GC heap before
{Heap before GC invocations=32 (full 0):
 garbage-first heap   total 124928K, used 85582K [0x0000000080000000, 0x0000000100000000)
  region size 1024K, 33 young (33792K), 2 survivors (2048K)
 Metaspace       used 49291K, capacity 50561K, committed 50688K, reserved 1093632K
  class space    used 6365K, capacity 6800K, committed 6912K, reserved 1048576K
}
Event: 15.120 GC heap after
{Heap after GC invocations=33 (full 0):
 garbage-first heap   total 124928K, used 54233K [0x0000000080000000, 0x0000000100000000)
  region size 1024K, 2 young (2048K), 2 survivors (2048K)
 Metaspace       used 49291K, capacity 50561K, committed 50688K, reserved 1093632K
  class space    used 6365K, capacity 6800K, committed 6912K, reserved 1048576K
}
Event: 15.463 GC heap before
{Heap before GC invocations=33 (full 0):
 garbage-first heap   total 124928K, used 93145K [0x0000000080000000, 0x0000000100000000)
  region size 1024K, 41 young (41984K), 2 survivors (2048K)
 Metaspace       used 49313K, capacity 50561K, committed 50688K, reserved 1093632K
  class space    used 6365K, capacity 6800K, committed 6912K, reserved 1048576K
}
Event: 15.465 GC heap after
{Heap after GC invocations=34 (full 0):
 garbage-first heap   total 124928K, used 53759K [0x0000000080000000, 0x0000000100000000)
  region size 1024K, 1 young (1024K), 1 survivors (1024K)
 Metaspace       used 49313K, capacity 50561K, committed 50688K, reserved 1093632K
  class space    used 6365K, capacity 6800K, committed 6912K, reserved 1048576K
}
Event: 16.058 GC heap before
{Heap before GC invocations=34 (full 0):
 garbage-first heap   total 124928K, used 96767K [0x0000000080000000, 0x0000000100000000)
  region size 1024K, 44 young (45056K), 1 survivors (1024K)
 Metaspace       used 49315K, capacity 50561K, committed 50688K, reserved 1093632K
  class space    used 6365K, capacity 6800K, committed 6912K, reserved 1048576K
}
Event: 16.061 GC heap after
{Heap after GC invocations=35 (full 0):
 garbage-first heap   total 124928K, used 54199K [0x0000000080000000, 0x0000000100000000)
  region size 1024K, 2 young (2048K), 2 survivors (2048K)
 Metaspace       used 49315K, capacity 50561K, committed 50688K, reserved 1093632K
  class space    used 6365K, capacity 6800K, committed 6912K, reserved 1048576K
}
Event: 16.573 GC heap before
{Heap before GC invocations=35 (full 0):
 garbage-first heap   total 124928K, used 98231K [0x0000000080000000, 0x0000000100000000)
  region size 1024K, 45 young (46080K), 2 survivors (2048K)
 Metaspace       used 49315K, capacity 50561K, committed 50688K, reserved 1093632K
  class space    used 6365K, capacity 6800K, committed 6912K, reserved 1048576K
}
Event: 16.576 GC heap after
{Heap after GC invocations=36 (full 0):
 garbage-first heap   total 124928K, used 54463K [0x0000000080000000, 0x0000000100000000)
  region size 1024K, 2 young (2048K), 2 survivors (2048K)
 Metaspace       used 49315K, capacity 50561K, committed 50688K, reserved 1093632K
  class space    used 6365K, capacity 6800K, committed 6912K, reserved 1048576K
}
Event: 17.023 GC heap before
{Heap before GC invocations=36 (full 0):
 garbage-first heap   total 124928K, used 99519K [0x0000000080000000, 0x0000000100000000)
  region size 1024K, 46 young (47104K), 2 survivors (2048K)
 Metaspace       used 49315K, capacity 50561K, committed 50688K, reserved 1093632K
  class space    used 6365K, capacity 6800K, committed 6912K, reserved 1048576K
}
Event: 17.027 GC heap after
{Heap after GC invocations=37 (full 0):
 garbage-first heap   total 124928K, used 54822K [0x0000000080000000, 0x0000000100000000)
  region size 1024K, 2 young (2048K), 2 survivors (2048K)
 Metaspace       used 49315K, capacity 50561K, committed 50688K, reserved 1093632K
  class space    used 6365K, capacity 6800K, committed 6912K, reserved 1048576K
}
Event: 17.659 GC heap before
{Heap before GC invocations=37 (full 0):
 garbage-first heap   total 124928K, used 100902K [0x0000000080000000, 0x0000000100000000)
  region size 1024K, 47 young (48128K), 2 survivors (2048K)
 Metaspace       used 49315K, capacity 50561K, committed 50688K, reserved 1093632K
  class space    used 6365K, capacity 6800K, committed 6912K, reserved 1048576K
}
Event: 17.663 GC heap after
{Heap after GC invocations=38 (full 0):
 garbage-first heap   total 124928K, used 55198K [0x0000000080000000, 0x0000000100000000)
  region size 1024K, 3 young (3072K), 3 survivors (3072K)
 Metaspace       used 49315K, capacity 50561K, committed 50688K, reserved 1093632K
  class space    used 6365K, capacity 6800K, committed 6912K, reserved 1048576K
}
Event: 18.008 GC heap before
{Heap before GC invocations=38 (full 0):
 garbage-first heap   total 124928K, used 78750K [0x0000000080000000, 0x0000000100000000)
  region size 1024K, 24 young (24576K), 3 survivors (3072K)
 Metaspace       used 49316K, capacity 50561K, committed 50688K, reserved 1093632K
  class space    used 6365K, capacity 6800K, committed 6912K, reserved 1048576K
}
Event: 18.013 GC heap after
{Heap after GC invocations=39 (full 0):
 garbage-first heap   total 124928K, used 55403K [0x0000000080000000, 0x0000000100000000)
  region size 1024K, 3 young (3072K), 3 survivors (3072K)
 Metaspace       used 49316K, capacity 50561K, committed 50688K, reserved 1093632K
  class space    used 6365K, capacity 6800K, committed 6912K, reserved 1048576K
}
Event: 18.830 GC heap before
{Heap before GC invocations=40 (full 0):
 garbage-first heap   total 124928K, used 101483K [0x0000000080000000, 0x0000000100000000)
  region size 1024K, 48 young (49152K), 3 survivors (3072K)
 Metaspace       used 49318K, capacity 50561K, committed 50688K, reserved 1093632K
  class space    used 6365K, capacity 6800K, committed 6912K, reserved 1048576K
}
Event: 18.842 GC heap after
{Heap after GC invocations=41 (full 0):
 garbage-first heap   total 124928K, used 59450K [0x0000000080000000, 0x0000000100000000)
  region size 1024K, 6 young (6144K), 6 survivors (6144K)
 Metaspace       used 49318K, capacity 50561K, committed 50688K, reserved 1093632K
  class space    used 6365K, capacity 6800K, committed 6912K, reserved 1048576K
}
Event: 19.213 GC heap before
{Heap before GC invocations=41 (full 0):
 garbage-first heap   total 124928K, used 102458K [0x0000000080000000, 0x0000000100000000)
  region size 1024K, 48 young (49152K), 6 survivors (6144K)
 Metaspace       used 49326K, capacity 50561K, committed 50688K, reserved 1093632K
  class space    used 6365K, capacity 6800K, committed 6912K, reserved 1048576K
}
Event: 19.222 GC heap after
{Heap after GC invocations=42 (full 0):
 garbage-first heap   total 124928K, used 60535K [0x0000000080000000, 0x0000000100000000)
  region size 1024K, 1 young (1024K), 1 survivors (1024K)
 Metaspace       used 49326K, capacity 50561K, committed 50688K, reserved 1093632K
  class space    used 6365K, capacity 6800K, committed 6912K, reserved 1048576K
}
Event: 19.700 GC heap before
{Heap before GC invocations=42 (full 0):
 garbage-first heap   total 124928K, used 102519K [0x0000000080000000, 0x0000000100000000)
  region size 1024K, 42 young (43008K), 1 survivors (1024K)
 Metaspace       used 49327K, capacity 50562K, committed 50688K, reserved 1093632K
  class space    used 6365K, capacity 6800K, committed 6912K, reserved 1048576K
}

